<?xml version="1.0" encoding="utf-8"?><testsuites name="pytest tests"><testsuite name="pytest" errors="0" failures="0" skipped="0" tests="27" time="3.220" timestamp="2026-06-25T20:12:20.896499+00:00" hostname="agent-env-33aeb4e0-5672-425b-a782-69c3900bf317"><testcase classname="tests.backend_test.TestAdminProjectsCRUD" name="test_create_update_delete_flow" time="0.548" /><testcase classname="tests.backend_test.TestSite" name="test_site_payload_shape" time="0.176" /><testcase classname="tests.backend_test.TestSite" name="test_site_featured_is_cozy_chaos" time="0.045" /><testcase classname="tests.backend_test.TestSite" name="test_site_has_five_concept_art" time="0.046" /><testcase classname="tests.backend_test.TestSubscribe" name="test_valid_email_creates" time="0.055" /><testcase classname="tests.backend_test.TestSubscribe" name="test_duplicate_returns_existing" time="0.089" /><testcase classname="tests.backend_test.TestSubscribe" name="test_invalid_email_422" time="0.042" /><testcase classname="tests.backend_test.TestAdminAuth" name="test_verify_no_password_401" time="0.101" /><testcase classname="tests.backend_test.TestAdminProjectsCRUD" name="test_update_requires_auth" time="0.109" /><testcase classname="tests.backend_test.TestAdminAuth" name="test_verify_wrong_password_401" time="0.120" /><testcase classname="tests.backend_test.TestAdminProjectsCRUD" name="test_update_404_for_missing" time="0.102" /><testcase classname="tests.backend_test.TestAdminAuth" name="test_verify_correct_password_200" time="0.137" /><testcase classname="tests.backend_test.TestAdminProjectsCRUD" name="test_update_empty_body_400" time="0.312" /><testcase classname="tests.backend_test.TestAdminSettings" name="test_get_requires_auth" time="0.106" /><testcase classname="tests.backend_test.TestAdminSettings" name="test_get_authed" time="0.139" /><testcase classname="tests.backend_test.TestAdminSettings" name="test_put_persists_and_reflects_in_site" time="0.416" /><testcase classname="tests.backend_test.TestAdminProjectsCRUD" name="test_featured_true_unfeatures_others" time="1.023" /><testcase classname="tests.backend_test.TestConceptArt" name="test_list_all" time="0.047" /><testcase classname="tests.backend_test.TestConceptArt" name="test_filter_characters" time="0.058" /><testcase classname="tests.backend_test.TestAdminArtCRUD" name="test_create_update_delete" time="0.448" /><testcase classname="tests.backend_test.TestAdminArtCRUD" name="test_update_auth_required" time="0.144" /><testcase classname="tests.backend_test.TestAdminUpload" name="test_upload_requires_auth" time="0.105" /><testcase classname="tests.backend_test.TestProjects" name="test_list_projects" time="0.044" /><testcase classname="tests.backend_test.TestAdminUpload" name="test_upload_rejects_bad_extension" time="0.138" /><testcase classname="tests.backend_test.TestUpdates" name="test_list_updates" time="0.046" /><testcase classname="tests.backend_test.TestAdminUpdatesCRUD" name="test_create_update_delete" time="0.376" /><testcase classname="tests.backend_test.TestAdminUpload" name="test_upload_png_then_fetch" time="0.246" /></testsuite></testsuites>