<?xml version="1.0" encoding="utf-8"?><testsuites name="pytest tests"><testsuite name="pytest" errors="0" failures="0" skipped="0" tests="42" time="6.165" timestamp="2026-06-25T21:26:04.957539+00:00" hostname="agent-env-33aeb4e0-5672-425b-a782-69c3900bf317"><testcase classname="tests.backend_test.TestFragmentsCRUD" name="test_public_fragments_default_excludes_archived" time="0.511" /><testcase classname="tests.backend_test.TestAdminProjectsCRUD" name="test_create_update_delete_flow" time="1.138" /><testcase classname="tests.backend_test.TestFragmentsCRUD" name="test_public_include_archived_returns_all" time="0.708" /><testcase classname="tests.backend_test.TestAdminProjectsCRUD" name="test_update_requires_auth" time="0.136" /><testcase classname="tests.backend_test.TestFragmentsCRUD" name="test_admin_list_requires_auth" time="0.266" /><testcase classname="tests.backend_test.TestAdminProjectsCRUD" name="test_update_404_for_missing" time="0.142" /><testcase classname="tests.backend_test.TestAdminProjectsCRUD" name="test_update_empty_body_400" time="0.401" /><testcase classname="tests.backend_test.TestFragmentsCRUD" name="test_admin_list_returns_all_including_archived" time="0.141" /><testcase classname="tests.backend_test.TestFragmentsCRUD" name="test_admin_create_requires_auth" time="0.116" /><testcase classname="tests.backend_test.TestFragmentsCRUD" name="test_admin_full_crud_flow" time="1.023" /><testcase classname="tests.backend_test.TestAdminProjectsCRUD" name="test_featured_true_unfeatures_others" time="0.996" /><testcase classname="tests.backend_test.TestFragmentsCRUD" name="test_admin_update_404_for_missing" time="0.108" /><testcase classname="tests.backend_test.TestSplashManifestoSettings" name="test_site_includes_settings_with_defaults" time="0.108" /><testcase classname="tests.backend_test.TestFragmentsCRUD" name="test_admin_delete_404_for_missing" time="0.108" /><testcase classname="tests.backend_test.TestSplashManifestoSettings" name="test_admin_get_returns_new_fields_with_defaults" time="0.115" /><testcase classname="tests.backend_test.TestSite" name="test_site_payload_shape" time="0.049" /><testcase classname="tests.backend_test.TestSite" name="test_site_featured_is_cozy_chaos" time="0.049" /><testcase classname="tests.backend_test.TestSplashManifestoSettings" name="test_put_persists_hero_and_manifesto_and_resets" time="0.426" /><testcase classname="tests.backend_test.TestSite" name="test_site_has_five_concept_art" time="0.050" /><testcase classname="tests.backend_test.TestSubscribe" name="test_valid_email_creates" time="0.052" /><testcase classname="tests.backend_test.TestSubscribe" name="test_duplicate_returns_existing" time="0.129" /><testcase classname="tests.backend_test.TestSubscribe" name="test_invalid_email_422" time="0.042" /><testcase classname="tests.backend_test.TestAdminSettings" name="test_get_requires_auth" time="0.334" /><testcase classname="tests.backend_test.TestSplashManifestoSettings" name="test_backwards_compat_missing_fields_filled_with_defaults" time="0.335" /><testcase classname="tests.backend_test.TestAdminSettings" name="test_get_authed" time="0.128" /><testcase classname="tests.backend_test.TestAdminAuth" name="test_verify_no_password_401" time="0.103" /><testcase classname="tests.backend_test.TestAdminSettings" name="test_put_persists_and_reflects_in_site" time="0.444" /><testcase classname="tests.backend_test.TestAdminAuth" name="test_verify_wrong_password_401" time="0.102" /><testcase classname="tests.backend_test.TestAdminAuth" name="test_verify_correct_password_200" time="0.099" /><testcase classname="tests.backend_test.TestIteration4Settings" name="test_site_includes_new_setting_defaults" time="0.049" /><testcase classname="tests.backend_test.TestIteration4Settings" name="test_admin_settings_returns_defaults_for_legacy_doc" time="0.114" /><testcase classname="tests.backend_test.TestAdminUpload" name="test_upload_requires_auth" time="0.118" /><testcase classname="tests.backend_test.TestIteration4Settings" name="test_put_persists_iteration4_fields_and_resets" time="0.653" /><testcase classname="tests.backend_test.TestAdminUpload" name="test_upload_rejects_bad_extension" time="0.105" /><testcase classname="tests.backend_test.TestAdminUpload" name="test_upload_png_then_fetch" time="0.298" /><testcase classname="tests.backend_test.TestAdminArtCRUD" name="test_create_update_delete" time="0.488" /><testcase classname="tests.backend_test.TestConceptArt" name="test_list_all" time="0.044" /><testcase classname="tests.backend_test.TestConceptArt" name="test_filter_characters" time="0.084" /><testcase classname="tests.backend_test.TestUpdates" name="test_list_updates" time="0.045" /><testcase classname="tests.backend_test.TestAdminUpdatesCRUD" name="test_create_update_delete" time="0.348" /><testcase classname="tests.backend_test.TestAdminArtCRUD" name="test_update_auth_required" time="0.121" /><testcase classname="tests.backend_test.TestProjects" name="test_list_projects" time="0.047" /></testsuite></testsuites>